----------------------------------------------------------------
Thu Jul 22 14:47:10 IST 2021:
Booting Derby version The Apache Software Foundation - Apache Derby - 10.14.2.0 - (1828579): instance a816c00e-017a-cd81-2448-000001f2d558 
on database directory memory:C:\Workspace\Yourbus\route-api\route-api\dce488b9-913c-4ee7-8967-fd10afe9e97a with class loader jdk.internal.loader.ClassLoaders$AppClassLoader@e73f9ac 
Loaded from file:/C:/Users/nageswararao.seelam/.m2/repository/org/apache/derby/derby/10.14.2.0/derby-10.14.2.0.jar
java.vendor=Oracle Corporation
java.runtime.version=15.0.2+7-27
user.dir=C:\Workspace\Yourbus\route-api\route-api
os.name=Windows 10
os.arch=amd64
os.version=10.0
derby.system.home=null
Database Class Loader started - derby.database.classpath=''
----------------------------------------------------------------
Thu Jul 22 14:56:14 IST 2021:
Shutting down instance a816c00e-017a-cd81-2448-000001f2d558 on database directory memory:C:\Workspace\Yourbus\route-api\route-api\dce488b9-913c-4ee7-8967-fd10afe9e97a with class loader jdk.internal.loader.ClassLoaders$AppClassLoader@e73f9ac 
----------------------------------------------------------------
Thu Jul 22 14:56:20 IST 2021:
Booting Derby version The Apache Software Foundation - Apache Derby - 10.14.2.0 - (1828579): instance a8604102-017a-cd81-2448-000001f2d558 
on database directory memory:C:\Workspace\Yourbus\route-api\route-api\6f0401e3-69e8-4ff8-ab88-0ba8c4a4a836 with class loader jdk.internal.loader.ClassLoaders$AppClassLoader@e73f9ac 
Loaded from file:/C:/Users/nageswararao.seelam/.m2/repository/org/apache/derby/derby/10.14.2.0/derby-10.14.2.0.jar
java.vendor=Oracle Corporation
java.runtime.version=15.0.2+7-27
user.dir=C:\Workspace\Yourbus\route-api\route-api
os.name=Windows 10
os.arch=amd64
os.version=10.0
derby.system.home=null
Database Class Loader started - derby.database.classpath=''
----------------------------------------------------------------
Thu Jul 22 15:06:26 IST 2021:
Shutting down instance a8604102-017a-cd81-2448-000001f2d558 on database directory memory:C:\Workspace\Yourbus\route-api\route-api\6f0401e3-69e8-4ff8-ab88-0ba8c4a4a836 with class loader jdk.internal.loader.ClassLoaders$AppClassLoader@e73f9ac 
----------------------------------------------------------------
Thu Jul 22 15:06:30 IST 2021:
Booting Derby version The Apache Software Foundation - Apache Derby - 10.14.2.0 - (1828579): instance e75a420f-017a-cd81-2448-000001f2d558 
on database directory memory:C:\Workspace\Yourbus\route-api\route-api\2d72851f-2017-4ea9-b9ef-841bb3aac1e4 with class loader jdk.internal.loader.ClassLoaders$AppClassLoader@e73f9ac 
Loaded from file:/C:/Users/nageswararao.seelam/.m2/repository/org/apache/derby/derby/10.14.2.0/derby-10.14.2.0.jar
java.vendor=Oracle Corporation
java.runtime.version=15.0.2+7-27
user.dir=C:\Workspace\Yourbus\route-api\route-api
os.name=Windows 10
os.arch=amd64
os.version=10.0
derby.system.home=null
Database Class Loader started - derby.database.classpath=''
----------------------------------------------------------------
Thu Jul 22 15:08:22 IST 2021:
Shutting down instance e75a420f-017a-cd81-2448-000001f2d558 on database directory memory:C:\Workspace\Yourbus\route-api\route-api\2d72851f-2017-4ea9-b9ef-841bb3aac1e4 with class loader jdk.internal.loader.ClassLoaders$AppClassLoader@e73f9ac 
----------------------------------------------------------------
Thu Jul 22 15:08:27 IST 2021:
Booting Derby version The Apache Software Foundation - Apache Derby - 10.14.2.0 - (1828579): instance 9859c316-017a-cd81-2448-000001f2d558 
on database directory memory:C:\Workspace\Yourbus\route-api\route-api\54437717-aa00-44cd-9632-68101db20055 with class loader jdk.internal.loader.ClassLoaders$AppClassLoader@e73f9ac 
Loaded from file:/C:/Users/nageswararao.seelam/.m2/repository/org/apache/derby/derby/10.14.2.0/derby-10.14.2.0.jar
java.vendor=Oracle Corporation
java.runtime.version=15.0.2+7-27
user.dir=C:\Workspace\Yourbus\route-api\route-api
os.name=Windows 10
os.arch=amd64
os.version=10.0
derby.system.home=null
Database Class Loader started - derby.database.classpath=''
----------------------------------------------------------------
Thu Jul 22 15:13:05 IST 2021:
Shutting down instance 9859c316-017a-cd81-2448-000001f2d558 on database directory memory:C:\Workspace\Yourbus\route-api\route-api\54437717-aa00-44cd-9632-68101db20055 with class loader jdk.internal.loader.ClassLoaders$AppClassLoader@e73f9ac 
----------------------------------------------------------------
Thu Jul 22 15:13:10 IST 2021:
Booting Derby version The Apache Software Foundation - Apache Derby - 10.14.2.0 - (1828579): instance 3ad7c41b-017a-cd81-2448-000001f2d558 
on database directory memory:C:\Workspace\Yourbus\route-api\route-api\766630a1-9c45-4ef2-93c6-4282ed83fd71 with class loader jdk.internal.loader.ClassLoaders$AppClassLoader@e73f9ac 
Loaded from file:/C:/Users/nageswararao.seelam/.m2/repository/org/apache/derby/derby/10.14.2.0/derby-10.14.2.0.jar
java.vendor=Oracle Corporation
java.runtime.version=15.0.2+7-27
user.dir=C:\Workspace\Yourbus\route-api\route-api
os.name=Windows 10
os.arch=amd64
os.version=10.0
derby.system.home=null
Database Class Loader started - derby.database.classpath=''
----------------------------------------------------------------
Thu Jul 22 15:14:55 IST 2021:
Shutting down instance 3ad7c41b-017a-cd81-2448-000001f2d558 on database directory memory:C:\Workspace\Yourbus\route-api\route-api\766630a1-9c45-4ef2-93c6-4282ed83fd71 with class loader jdk.internal.loader.ClassLoaders$AppClassLoader@e73f9ac 
----------------------------------------------------------------
Thu Jul 22 15:14:59 IST 2021:
Booting Derby version The Apache Software Foundation - Apache Derby - 10.14.2.0 - (1828579): instance bfdc0520-017a-cd81-2448-000001f2d558 
on database directory memory:C:\Workspace\Yourbus\route-api\route-api\1f4143c7-f9e9-4c23-8e34-cefd6173cceb with class loader jdk.internal.loader.ClassLoaders$AppClassLoader@e73f9ac 
Loaded from file:/C:/Users/nageswararao.seelam/.m2/repository/org/apache/derby/derby/10.14.2.0/derby-10.14.2.0.jar
java.vendor=Oracle Corporation
java.runtime.version=15.0.2+7-27
user.dir=C:\Workspace\Yourbus\route-api\route-api
os.name=Windows 10
os.arch=amd64
os.version=10.0
derby.system.home=null
Database Class Loader started - derby.database.classpath=''
----------------------------------------------------------------
Thu Jul 22 15:20:25 IST 2021:
Shutting down instance bfdc0520-017a-cd81-2448-000001f2d558 on database directory memory:C:\Workspace\Yourbus\route-api\route-api\1f4143c7-f9e9-4c23-8e34-cefd6173cceb with class loader jdk.internal.loader.ClassLoaders$AppClassLoader@e73f9ac 
----------------------------------------------------------------
Thu Jul 22 15:20:31 IST 2021:
Booting Derby version The Apache Software Foundation - Apache Derby - 10.14.2.0 - (1828579): instance 10188635-017a-cd81-2448-000001f2d558 
on database directory memory:C:\Workspace\Yourbus\route-api\route-api\2bfa5dbb-f774-4da7-ab85-e38f71969fdb with class loader jdk.internal.loader.ClassLoaders$AppClassLoader@e73f9ac 
Loaded from file:/C:/Users/nageswararao.seelam/.m2/repository/org/apache/derby/derby/10.14.2.0/derby-10.14.2.0.jar
java.vendor=Oracle Corporation
java.runtime.version=15.0.2+7-27
user.dir=C:\Workspace\Yourbus\route-api\route-api
os.name=Windows 10
os.arch=amd64
os.version=10.0
derby.system.home=null
Database Class Loader started - derby.database.classpath=''
----------------------------------------------------------------
Thu Jul 22 15:27:55 IST 2021:
Shutting down instance 10188635-017a-cd81-2448-000001f2d558 on database directory memory:C:\Workspace\Yourbus\route-api\route-api\2bfa5dbb-f774-4da7-ab85-e38f71969fdb with class loader jdk.internal.loader.ClassLoaders$AppClassLoader@e73f9ac 
----------------------------------------------------------------
Thu Jul 22 15:28:00 IST 2021:
Booting Derby version The Apache Software Foundation - Apache Derby - 10.14.2.0 - (1828579): instance 7dcd4747-017a-cd81-2448-000001f2d558 
on database directory memory:C:\Workspace\Yourbus\route-api\route-api\3495f523-d7e3-4d6d-b6df-793c61d3c394 with class loader jdk.internal.loader.ClassLoaders$AppClassLoader@e73f9ac 
Loaded from file:/C:/Users/nageswararao.seelam/.m2/repository/org/apache/derby/derby/10.14.2.0/derby-10.14.2.0.jar
java.vendor=Oracle Corporation
java.runtime.version=15.0.2+7-27
user.dir=C:\Workspace\Yourbus\route-api\route-api
os.name=Windows 10
os.arch=amd64
os.version=10.0
derby.system.home=null
Database Class Loader started - derby.database.classpath=''
----------------------------------------------------------------
Thu Jul 22 15:32:05 IST 2021:
Shutting down instance 7dcd4747-017a-cd81-2448-000001f2d558 on database directory memory:C:\Workspace\Yourbus\route-api\route-api\3495f523-d7e3-4d6d-b6df-793c61d3c394 with class loader jdk.internal.loader.ClassLoaders$AppClassLoader@e73f9ac 
----------------------------------------------------------------
Thu Jul 22 15:32:09 IST 2021:
Booting Derby version The Apache Software Foundation - Apache Derby - 10.14.2.0 - (1828579): instance 45eec84e-017a-cd81-2448-000001f2d558 
on database directory memory:C:\Workspace\Yourbus\route-api\route-api\a9b760e4-3e99-4b3c-a1a2-d618719b0197 with class loader jdk.internal.loader.ClassLoaders$AppClassLoader@e73f9ac 
Loaded from file:/C:/Users/nageswararao.seelam/.m2/repository/org/apache/derby/derby/10.14.2.0/derby-10.14.2.0.jar
java.vendor=Oracle Corporation
java.runtime.version=15.0.2+7-27
user.dir=C:\Workspace\Yourbus\route-api\route-api
os.name=Windows 10
os.arch=amd64
os.version=10.0
derby.system.home=null
Database Class Loader started - derby.database.classpath=''
----------------------------------------------------------------
Thu Jul 22 15:37:57 IST 2021:
Shutting down instance 45eec84e-017a-cd81-2448-000001f2d558 on database directory memory:C:\Workspace\Yourbus\route-api\route-api\a9b760e4-3e99-4b3c-a1a2-d618719b0197 with class loader jdk.internal.loader.ClassLoaders$AppClassLoader@e73f9ac 
----------------------------------------------------------------
Thu Jul 22 15:38:02 IST 2021:
Booting Derby version The Apache Software Foundation - Apache Derby - 10.14.2.0 - (1828579): instance e7dd89dd-017a-cd81-2448-000001f2d558 
on database directory memory:C:\Workspace\Yourbus\route-api\route-api\1a0f01d6-1c8b-43df-ac68-77996dae5049 with class loader jdk.internal.loader.ClassLoaders$AppClassLoader@e73f9ac 
Loaded from file:/C:/Users/nageswararao.seelam/.m2/repository/org/apache/derby/derby/10.14.2.0/derby-10.14.2.0.jar
java.vendor=Oracle Corporation
java.runtime.version=15.0.2+7-27
user.dir=C:\Workspace\Yourbus\route-api\route-api
os.name=Windows 10
os.arch=amd64
os.version=10.0
derby.system.home=null
Database Class Loader started - derby.database.classpath=''
----------------------------------------------------------------
Thu Jul 22 15:38:22 IST 2021:
Shutting down instance e7dd89dd-017a-cd81-2448-000001f2d558 on database directory memory:C:\Workspace\Yourbus\route-api\route-api\1a0f01d6-1c8b-43df-ac68-77996dae5049 with class loader jdk.internal.loader.ClassLoaders$AppClassLoader@e73f9ac 
----------------------------------------------------------------
Thu Jul 22 15:38:27 IST 2021:
Booting Derby version The Apache Software Foundation - Apache Derby - 10.14.2.0 - (1828579): instance d4468adc-017a-cd81-2448-000001f2d558 
on database directory memory:C:\Workspace\Yourbus\route-api\route-api\926247a1-8240-45bc-b906-b81433f16970 with class loader jdk.internal.loader.ClassLoaders$AppClassLoader@e73f9ac 
Loaded from file:/C:/Users/nageswararao.seelam/.m2/repository/org/apache/derby/derby/10.14.2.0/derby-10.14.2.0.jar
java.vendor=Oracle Corporation
java.runtime.version=15.0.2+7-27
user.dir=C:\Workspace\Yourbus\route-api\route-api
os.name=Windows 10
os.arch=amd64
os.version=10.0
derby.system.home=null
Database Class Loader started - derby.database.classpath=''
----------------------------------------------------------------
Thu Jul 22 15:38:35 IST 2021:
Shutting down instance d4468adc-017a-cd81-2448-000001f2d558 on database directory memory:C:\Workspace\Yourbus\route-api\route-api\926247a1-8240-45bc-b906-b81433f16970 with class loader jdk.internal.loader.ClassLoaders$AppClassLoader@e73f9ac 
----------------------------------------------------------------
Thu Jul 22 15:38:39 IST 2021:
Booting Derby version The Apache Software Foundation - Apache Derby - 10.14.2.0 - (1828579): instance b02fcbdb-017a-cd81-2448-000001f2d558 
on database directory memory:C:\Workspace\Yourbus\route-api\route-api\b5500694-f474-4c86-9b82-f9b74d03d043 with class loader jdk.internal.loader.ClassLoaders$AppClassLoader@e73f9ac 
Loaded from file:/C:/Users/nageswararao.seelam/.m2/repository/org/apache/derby/derby/10.14.2.0/derby-10.14.2.0.jar
java.vendor=Oracle Corporation
java.runtime.version=15.0.2+7-27
user.dir=C:\Workspace\Yourbus\route-api\route-api
os.name=Windows 10
os.arch=amd64
os.version=10.0
derby.system.home=null
Database Class Loader started - derby.database.classpath=''
----------------------------------------------------------------
Thu Jul 22 15:40:19 IST 2021:
Shutting down instance b02fcbdb-017a-cd81-2448-000001f2d558 on database directory memory:C:\Workspace\Yourbus\route-api\route-api\b5500694-f474-4c86-9b82-f9b74d03d043 with class loader jdk.internal.loader.ClassLoaders$AppClassLoader@e73f9ac 
----------------------------------------------------------------
Thu Jul 22 15:40:24 IST 2021:
Booting Derby version The Apache Software Foundation - Apache Derby - 10.14.2.0 - (1828579): instance 6b994cda-017a-cd81-2448-000001f2d558 
on database directory memory:C:\Workspace\Yourbus\route-api\route-api\30535e2a-b1ea-4f65-a8e9-6b6a52fb36c4 with class loader jdk.internal.loader.ClassLoaders$AppClassLoader@e73f9ac 
Loaded from file:/C:/Users/nageswararao.seelam/.m2/repository/org/apache/derby/derby/10.14.2.0/derby-10.14.2.0.jar
java.vendor=Oracle Corporation
java.runtime.version=15.0.2+7-27
user.dir=C:\Workspace\Yourbus\route-api\route-api
os.name=Windows 10
os.arch=amd64
os.version=10.0
derby.system.home=null
Database Class Loader started - derby.database.classpath=''
----------------------------------------------------------------
Thu Jul 22 15:46:23 IST 2021:
Shutting down instance 6b994cda-017a-cd81-2448-000001f2d558 on database directory memory:C:\Workspace\Yourbus\route-api\route-api\30535e2a-b1ea-4f65-a8e9-6b6a52fb36c4 with class loader jdk.internal.loader.ClassLoaders$AppClassLoader@e73f9ac 
----------------------------------------------------------------
Thu Jul 22 15:46:27 IST 2021:
Booting Derby version The Apache Software Foundation - Apache Derby - 10.14.2.0 - (1828579): instance 7dcc4e22-017a-cd81-2448-000001f2d558 
on database directory memory:C:\Workspace\Yourbus\route-api\route-api\afb9fa84-a839-4ba3-86bd-7703b8b373b0 with class loader jdk.internal.loader.ClassLoaders$AppClassLoader@e73f9ac 
Loaded from file:/C:/Users/nageswararao.seelam/.m2/repository/org/apache/derby/derby/10.14.2.0/derby-10.14.2.0.jar
java.vendor=Oracle Corporation
java.runtime.version=15.0.2+7-27
user.dir=C:\Workspace\Yourbus\route-api\route-api
os.name=Windows 10
os.arch=amd64
os.version=10.0
derby.system.home=null
Database Class Loader started - derby.database.classpath=''
----------------------------------------------------------------
Thu Jul 22 15:46:28 IST 2021:
Shutting down instance 7dcc4e22-017a-cd81-2448-000001f2d558 on database directory memory:C:\Workspace\Yourbus\route-api\route-api\afb9fa84-a839-4ba3-86bd-7703b8b373b0 with class loader jdk.internal.loader.ClassLoaders$AppClassLoader@e73f9ac 
----------------------------------------------------------------
Thu Jul 22 15:46:28 IST 2021:
Booting Derby version The Apache Software Foundation - Apache Derby - 10.14.2.0 - (1828579): instance 2e4bcec6-017a-cd81-2448-000001f2d558 
on database directory memory:C:\Workspace\Yourbus\route-api\route-api\afb9fa84-a839-4ba3-86bd-7703b8b373b0 with class loader jdk.internal.loader.ClassLoaders$AppClassLoader@e73f9ac 
Loaded from file:/C:/Users/nageswararao.seelam/.m2/repository/org/apache/derby/derby/10.14.2.0/derby-10.14.2.0.jar
java.vendor=Oracle Corporation
java.runtime.version=15.0.2+7-27
user.dir=C:\Workspace\Yourbus\route-api\route-api
os.name=Windows 10
os.arch=amd64
os.version=10.0
derby.system.home=null
Database Class Loader started - derby.database.classpath=''
----------------------------------------------------------------
Thu Jul 22 15:46:35 IST 2021:
Booting Derby version The Apache Software Foundation - Apache Derby - 10.14.2.0 - (1828579): instance 29fd4ec7-017a-cd81-2448-000001f2d558 
on database directory memory:C:\Workspace\Yourbus\route-api\route-api\56489cd6-2c17-4221-aa8c-8264028dc4ad with class loader jdk.internal.loader.ClassLoaders$AppClassLoader@e73f9ac 
Loaded from file:/C:/Users/nageswararao.seelam/.m2/repository/org/apache/derby/derby/10.14.2.0/derby-10.14.2.0.jar
java.vendor=Oracle Corporation
java.runtime.version=15.0.2+7-27
user.dir=C:\Workspace\Yourbus\route-api\route-api
os.name=Windows 10
os.arch=amd64
os.version=10.0
derby.system.home=null
Database Class Loader started - derby.database.classpath=''
----------------------------------------------------------------
Thu Jul 22 15:58:56 IST 2021:
Shutting down instance 29fd4ec7-017a-cd81-2448-000001f2d558 on database directory memory:C:\Workspace\Yourbus\route-api\route-api\56489cd6-2c17-4221-aa8c-8264028dc4ad with class loader jdk.internal.loader.ClassLoaders$AppClassLoader@e73f9ac 
----------------------------------------------------------------
Thu Jul 22 15:59:02 IST 2021:
Booting Derby version The Apache Software Foundation - Apache Derby - 10.14.2.0 - (1828579): instance 9e6cd01e-017a-cd81-2448-000001f2d558 
on database directory memory:C:\Workspace\Yourbus\route-api\route-api\31a65f35-a003-4cad-bcdf-1183a9424d72 with class loader jdk.internal.loader.ClassLoaders$AppClassLoader@e73f9ac 
Loaded from file:/C:/Users/nageswararao.seelam/.m2/repository/org/apache/derby/derby/10.14.2.0/derby-10.14.2.0.jar
java.vendor=Oracle Corporation
java.runtime.version=15.0.2+7-27
user.dir=C:\Workspace\Yourbus\route-api\route-api
os.name=Windows 10
os.arch=amd64
os.version=10.0
derby.system.home=null
Database Class Loader started - derby.database.classpath=''
----------------------------------------------------------------
Thu Jul 22 16:13:22 IST 2021:
Shutting down instance 9e6cd01e-017a-cd81-2448-000001f2d558 on database directory memory:C:\Workspace\Yourbus\route-api\route-api\31a65f35-a003-4cad-bcdf-1183a9424d72 with class loader jdk.internal.loader.ClassLoaders$AppClassLoader@e73f9ac 
----------------------------------------------------------------
Thu Jul 22 16:13:28 IST 2021:
Booting Derby version The Apache Software Foundation - Apache Derby - 10.14.2.0 - (1828579): instance f7f21170-017a-cd81-2448-000001f2d558 
on database directory memory:C:\Workspace\Yourbus\route-api\route-api\8aeadf06-cb21-4922-99c0-ade4fb431a83 with class loader jdk.internal.loader.ClassLoaders$AppClassLoader@e73f9ac 
Loaded from file:/C:/Users/nageswararao.seelam/.m2/repository/org/apache/derby/derby/10.14.2.0/derby-10.14.2.0.jar
java.vendor=Oracle Corporation
java.runtime.version=15.0.2+7-27
user.dir=C:\Workspace\Yourbus\route-api\route-api
os.name=Windows 10
os.arch=amd64
os.version=10.0
derby.system.home=null
Database Class Loader started - derby.database.classpath=''
----------------------------------------------------------------
Thu Jul 22 16:21:25 IST 2021:
Shutting down instance f7f21170-017a-cd81-2448-000001f2d558 on database directory memory:C:\Workspace\Yourbus\route-api\route-api\8aeadf06-cb21-4922-99c0-ade4fb431a83 with class loader jdk.internal.loader.ClassLoaders$AppClassLoader@e73f9ac 
----------------------------------------------------------------
Thu Jul 22 16:21:30 IST 2021:
Booting Derby version The Apache Software Foundation - Apache Derby - 10.14.2.0 - (1828579): instance 0e48d2be-017a-cd81-2448-000001f2d558 
on database directory memory:C:\Workspace\Yourbus\route-api\route-api\bc89b2b1-2713-444b-8edf-ba9444876cf3 with class loader jdk.internal.loader.ClassLoaders$AppClassLoader@e73f9ac 
Loaded from file:/C:/Users/nageswararao.seelam/.m2/repository/org/apache/derby/derby/10.14.2.0/derby-10.14.2.0.jar
java.vendor=Oracle Corporation
java.runtime.version=15.0.2+7-27
user.dir=C:\Workspace\Yourbus\route-api\route-api
os.name=Windows 10
os.arch=amd64
os.version=10.0
derby.system.home=null
Database Class Loader started - derby.database.classpath=''
----------------------------------------------------------------
Thu Jul 22 16:26:19 IST 2021:
Shutting down instance 0e48d2be-017a-cd81-2448-000001f2d558 on database directory memory:C:\Workspace\Yourbus\route-api\route-api\bc89b2b1-2713-444b-8edf-ba9444876cf3 with class loader jdk.internal.loader.ClassLoaders$AppClassLoader@e73f9ac 
----------------------------------------------------------------
Thu Jul 22 16:26:23 IST 2021:
Booting Derby version The Apache Software Foundation - Apache Derby - 10.14.2.0 - (1828579): instance d190940c-017a-cd81-2448-000001f2d558 
on database directory memory:C:\Workspace\Yourbus\route-api\route-api\9f6e7437-fa7b-4fd6-a713-270f8f51a292 with class loader jdk.internal.loader.ClassLoaders$AppClassLoader@e73f9ac 
Loaded from file:/C:/Users/nageswararao.seelam/.m2/repository/org/apache/derby/derby/10.14.2.0/derby-10.14.2.0.jar
java.vendor=Oracle Corporation
java.runtime.version=15.0.2+7-27
user.dir=C:\Workspace\Yourbus\route-api\route-api
os.name=Windows 10
os.arch=amd64
os.version=10.0
derby.system.home=null
Database Class Loader started - derby.database.classpath=''
----------------------------------------------------------------
Thu Jul 22 16:26:27 IST 2021:
Shutting down instance d190940c-017a-cd81-2448-000001f2d558 on database directory memory:C:\Workspace\Yourbus\route-api\route-api\9f6e7437-fa7b-4fd6-a713-270f8f51a292 with class loader jdk.internal.loader.ClassLoaders$AppClassLoader@e73f9ac 
----------------------------------------------------------------
Thu Jul 22 16:26:31 IST 2021:
Booting Derby version The Apache Software Foundation - Apache Derby - 10.14.2.0 - (1828579): instance 772dd50b-017a-cd81-2448-000001f2d558 
on database directory memory:C:\Workspace\Yourbus\route-api\route-api\da9fff4c-8868-40bd-bcbd-6022c0c4ea5c with class loader jdk.internal.loader.ClassLoaders$AppClassLoader@e73f9ac 
Loaded from file:/C:/Users/nageswararao.seelam/.m2/repository/org/apache/derby/derby/10.14.2.0/derby-10.14.2.0.jar
java.vendor=Oracle Corporation
java.runtime.version=15.0.2+7-27
user.dir=C:\Workspace\Yourbus\route-api\route-api
os.name=Windows 10
os.arch=amd64
os.version=10.0
derby.system.home=null
Database Class Loader started - derby.database.classpath=''
----------------------------------------------------------------
Thu Jul 22 16:28:33 IST 2021:
Shutting down instance 772dd50b-017a-cd81-2448-000001f2d558 on database directory memory:C:\Workspace\Yourbus\route-api\route-api\da9fff4c-8868-40bd-bcbd-6022c0c4ea5c with class loader jdk.internal.loader.ClassLoaders$AppClassLoader@e73f9ac 
